{
  "RSpec": {
    "coverage": {
      "/home/zoid/projects/dagraph/lib/dagraph.rb": [
        null,
        1,
        1,
        1,
        1,
        1,
        1,
        1,
        null,
        1,
        null
      ],
      "/home/zoid/projects/dagraph/lib/dagraph/acts_as_dagraph.rb": [
        1,
        1,
        1,
        null,
        1,
        null,
        null,
        1,
        1,
        1,
        null,
        1,
        6,
        null,
        null,
        null,
        6,
        null,
        null,
        1,
        6,
        null,
        null,
        null,
        6,
        null,
        null,
        1,
        null,
        null,
        null,
        1,
        1,
        33,
        null,
        null,
        1,
        36,
        null,
        null,
        1,
        18,
        18,
        null,
        null,
        1,
        28,
        12,
        null,
        null,
        1,
        18,
        18,
        null,
        null,
        1,
        34,
        16,
        null,
        null,
        1,
        252,
        439,
        null,
        null,
        1,
        5,
        5,
        null,
        null,
        1,
        187,
        330,
        null,
        null,
        1,
        5,
        5,
        null,
        null,
        1,
        103,
        null,
        null,
        1,
        131,
        86,
        null,
        45,
        null,
        null,
        null,
        1,
        66,
        36,
        null,
        30,
        null,
        null,
        null,
        1,
        50,
        28,
        null,
        22,
        null,
        null,
        null,
        1,
        127,
        127,
        344,
        null,
        343,
        null,
        null,
        1,
        92,
        null,
        null,
        1,
        15,
        null,
        null,
        null,
        1,
        34,
        null,
        null,
        null,
        1,
        73,
        73,
        255,
        null,
        215,
        null,
        null,
        1,
        127,
        null,
        null,
        1,
        40,
        null,
        null,
        null,
        1,
        42,
        null,
        null,
        null,
        1,
        null,
        39,
        null,
        null,
        null,
        23,
        null,
        null,
        null,
        23,
        null,
        null,
        null,
        1,
        21,
        null,
        null,
        1,
        21,
        null,
        null,
        null,
        null,
        1,
        69,
        67,
        65,
        null,
        36,
        null,
        10,
        10,
        10,
        null,
        null,
        26,
        26,
        26,
        7,
        null,
        null,
        26,
        26,
        26,
        7,
        null,
        null,
        26,
        46,
        106,
        106,
        520,
        null,
        null,
        null,
        null,
        36,
        null,
        null,
        1,
        70,
        70,
        null,
        70,
        null,
        70,
        70,
        102,
        102,
        102,
        102,
        null,
        102,
        null,
        102,
        12,
        12,
        24,
        null,
        null,
        102,
        20,
        20,
        40,
        null,
        null,
        null,
        null,
        null,
        null,
        1
      ],
      "/home/zoid/projects/dagraph/lib/dagraph/model.rb": [
        1,
        1,
        1,
        1,
        1,
        1,
        1,
        1,
        null,
        null,
        null
      ],
      "/home/zoid/projects/dagraph/lib/dagraph/edge.rb": [
        null,
        1,
        1,
        null,
        1,
        null,
        1,
        1,
        null,
        1,
        36,
        null,
        null,
        1,
        96,
        null,
        null,
        1,
        2,
        2,
        2,
        null,
        0,
        null,
        null,
        null,
        1,
        36,
        60,
        96,
        null,
        null,
        null,
        null
      ],
      "/home/zoid/projects/dagraph/lib/dagraph/route.rb": [
        null,
        1,
        1,
        1,
        1097,
        null,
        null
      ],
      "/home/zoid/projects/dagraph/lib/dagraph/route_node.rb": [
        null,
        1,
        1,
        null,
        1,
        null,
        1,
        1,
        null,
        1,
        2064,
        null,
        null,
        null,
        null
      ],
      "/home/zoid/projects/dagraph/lib/dagraph/errors.rb": [
        null,
        1,
        1,
        1
      ],
      "/home/zoid/projects/dagraph/lib/generators/dagraph/migration_generator.rb": [
        null,
        1,
        1,
        1,
        null,
        1,
        1,
        null,
        1,
        null,
        1,
        null,
        1,
        0,
        null,
        null,
        1,
        0,
        null,
        null,
        null
      ]
    },
    "timestamp": 1470493270
  }
}
