{
  "RSpec": {
    "coverage": {
      "/home/zoid/projects/dagraph/spec/test_app/config/environment.rb": [
        null,
        1,
        null,
        null,
        1
      ],
      "/home/zoid/projects/dagraph/spec/test_app/config/application.rb": [
        1,
        null,
        null,
        1,
        1,
        1,
        1,
        1,
        null,
        null,
        1,
        1,
        null,
        1,
        1,
        null,
        null,
        null,
        null,
        null,
        null,
        null,
        null,
        null,
        null,
        null,
        null,
        1,
        null,
        null,
        null
      ],
      "/home/zoid/projects/dagraph/spec/test_app/config/boot.rb": [
        null,
        1,
        null,
        1,
        1
      ],
      "/home/zoid/projects/dagraph/lib/dagraph/version.rb": [
        1,
        1,
        null
      ],
      "/home/zoid/projects/dagraph/lib/dagraph.rb": [
        null,
        1,
        1,
        1,
        1,
        1,
        1,
        1,
        null,
        1,
        null
      ],
      "/home/zoid/projects/dagraph/lib/dagraph/acts_as_dagraph.rb": [
        1,
        1,
        1,
        null,
        1,
        null,
        null,
        1,
        1,
        1,
        null,
        1,
        6,
        null,
        null,
        null,
        6,
        null,
        null,
        1,
        6,
        null,
        null,
        null,
        6,
        null,
        null,
        1,
        null,
        null,
        null,
        1,
        1,
        33,
        null,
        null,
        1,
        36,
        null,
        null,
        1,
        18,
        18,
        null,
        null,
        1,
        28,
        12,
        null,
        null,
        1,
        18,
        18,
        null,
        null,
        1,
        34,
        16,
        null,
        null,
        1,
        244,
        422,
        null,
        null,
        1,
        5,
        5,
        null,
        null,
        1,
        184,
        322,
        null,
        null,
        1,
        5,
        5,
        null,
        null,
        1,
        103,
        null,
        null,
        1,
        123,
        78,
        null,
        45,
        null,
        null,
        null,
        1,
        66,
        36,
        null,
        30,
        null,
        null,
        null,
        1,
        50,
        28,
        null,
        22,
        null,
        null,
        null,
        1,
        127,
        127,
        344,
        null,
        343,
        null,
        null,
        1,
        92,
        null,
        null,
        1,
        15,
        null,
        null,
        null,
        1,
        34,
        null,
        null,
        null,
        1,
        73,
        73,
        255,
        null,
        215,
        null,
        null,
        1,
        127,
        null,
        null,
        1,
        40,
        null,
        null,
        null,
        1,
        42,
        null,
        null,
        null,
        1,
        null,
        39,
        null,
        null,
        null,
        23,
        null,
        null,
        null,
        23,
        null,
        null,
        null,
        1,
        21,
        null,
        null,
        1,
        21,
        null,
        null,
        null,
        null,
        1,
        69,
        67,
        65,
        null,
        36,
        null,
        10,
        10,
        10,
        null,
        null,
        26,
        26,
        26,
        7,
        null,
        null,
        26,
        26,
        26,
        7,
        null,
        null,
        26,
        46,
        106,
        106,
        520,
        null,
        null,
        null,
        null,
        36,
        null,
        null,
        1,
        70,
        70,
        null,
        70,
        null,
        70,
        70,
        102,
        102,
        102,
        102,
        null,
        102,
        null,
        102,
        12,
        12,
        24,
        null,
        null,
        102,
        20,
        20,
        40,
        null,
        null,
        null,
        null,
        null,
        null,
        1
      ],
      "/home/zoid/projects/dagraph/lib/dagraph/model.rb": [
        1,
        1,
        1,
        1,
        1,
        1,
        1,
        1,
        null,
        null,
        null
      ],
      "/home/zoid/projects/dagraph/lib/dagraph/edge.rb": [
        null,
        1,
        1,
        null,
        1,
        null,
        1,
        1,
        null,
        1,
        36,
        null,
        null,
        1,
        36,
        null,
        null,
        1,
        2,
        2,
        2,
        null,
        0,
        null,
        null,
        null,
        1,
        36,
        60,
        96,
        null,
        null,
        null,
        null
      ],
      "/home/zoid/projects/dagraph/lib/dagraph/route.rb": [
        null,
        1,
        1,
        1,
        2047,
        null,
        null
      ],
      "/home/zoid/projects/dagraph/lib/dagraph/route_node.rb": [
        null,
        1,
        1,
        null,
        1,
        null,
        1,
        1,
        null,
        1,
        2064,
        null,
        null,
        null,
        null
      ],
      "/home/zoid/projects/dagraph/lib/dagraph/errors.rb": [
        null,
        1,
        1,
        1
      ],
      "/home/zoid/projects/dagraph/lib/generators/dagraph/migration_generator.rb": [
        null,
        1,
        1,
        1,
        null,
        1,
        1,
        null,
        1,
        null,
        1,
        null,
        1,
        0,
        null,
        null,
        1,
        0,
        null,
        null,
        null
      ],
      "/home/zoid/projects/dagraph/spec/test_app/config/environments/test.rb": [
        1,
        null,
        null,
        null,
        null,
        null,
        null,
        1,
        null,
        null,
        null,
        null,
        1,
        null,
        null,
        1,
        1,
        null,
        null,
        1,
        1,
        null,
        null,
        1,
        null,
        null,
        1,
        null,
        null,
        null,
        null,
        1,
        null,
        null,
        1,
        null,
        null,
        1,
        null,
        null,
        null,
        null
      ],
      "/home/zoid/projects/dagraph/spec/test_app/config/initializers/assets.rb": [
        null,
        null,
        null,
        1,
        null,
        null,
        null,
        null,
        null,
        null,
        null
      ],
      "/home/zoid/projects/dagraph/spec/test_app/config/initializers/backtrace_silencers.rb": [
        null,
        null,
        null,
        null,
        null,
        null,
        null
      ],
      "/home/zoid/projects/dagraph/spec/test_app/config/initializers/cookies_serializer.rb": [
        null,
        null,
        1
      ],
      "/home/zoid/projects/dagraph/spec/test_app/config/initializers/filter_parameter_logging.rb": [
        null,
        null,
        null,
        1
      ],
      "/home/zoid/projects/dagraph/spec/test_app/config/initializers/inflections.rb": [
        null,
        null,
        null,
        null,
        null,
        null,
        null,
        null,
        null,
        null,
        null,
        null,
        null,
        null,
        null,
        null
      ],
      "/home/zoid/projects/dagraph/spec/test_app/config/initializers/mime_types.rb": [
        null,
        null,
        null,
        null
      ],
      "/home/zoid/projects/dagraph/spec/test_app/config/initializers/session_store.rb": [
        null,
        null,
        1
      ],
      "/home/zoid/projects/dagraph/spec/test_app/config/initializers/wrap_parameters.rb": [
        null,
        null,
        null,
        null,
        null,
        null,
        1,
        1,
        null,
        null,
        null,
        null,
        null,
        null
      ],
      "/home/zoid/projects/dagraph/spec/test_app/config/routes.rb": [
        1,
        null,
        null,
        null,
        null,
        null,
        null,
        null,
        null,
        null,
        null,
        null,
        null,
        null,
        null,
        null,
        null,
        null,
        null,
        null,
        null,
        null,
        null,
        null,
        null,
        null,
        null,
        null,
        null,
        null,
        null,
        null,
        null,
        null,
        null,
        null,
        null,
        null,
        null,
        null,
        null,
        null,
        null,
        null,
        null,
        null,
        null,
        null,
        null,
        null,
        null,
        null,
        null,
        null,
        null,
        null
      ],
      "/home/zoid/projects/dagraph/spec/test_app/app/helpers/application_helper.rb": [
        1,
        null
      ],
      "/home/zoid/projects/dagraph/spec/factories/edges.rb": [
        null,
        1,
        null,
        1,
        1,
        1,
        1,
        2,
        null,
        1,
        1,
        0,
        0,
        0,
        null,
        null,
        null,
        null
      ],
      "/home/zoid/projects/dagraph/spec/factories/route_nodes.rb": [
        null,
        1,
        null,
        1,
        1,
        1,
        1,
        null,
        null
      ],
      "/home/zoid/projects/dagraph/spec/factories/routes.rb": [
        null,
        1,
        null,
        1,
        1,
        null,
        null
      ],
      "/home/zoid/projects/dagraph/spec/factories/units.rb": [
        null,
        1,
        null,
        1,
        1,
        47,
        47,
        null,
        null
      ],
      "/home/zoid/projects/dagraph/spec/support/facrtory_girl.rb": [
        null,
        1,
        null,
        1,
        1,
        null
      ],
      "/home/zoid/projects/dagraph/spec/support/database_cleaner.rb": [
        null,
        1,
        1,
        1,
        null,
        null,
        1,
        64,
        null,
        null,
        1,
        0,
        null,
        null,
        1,
        64,
        null,
        null,
        1,
        64,
        null,
        null
      ],
      "/home/zoid/projects/dagraph/spec/support/helpers.rb": [
        null,
        1,
        null,
        1,
        11,
        99,
        null,
        null,
        null,
        11,
        99,
        null,
        99,
        null,
        null,
        11,
        11,
        null,
        null,
        null,
        null,
        null,
        null,
        null,
        null,
        null,
        11,
        99,
        286,
        null,
        null,
        null,
        null,
        1,
        0,
        0,
        0,
        null,
        null,
        1,
        927,
        null,
        null,
        1,
        72,
        null,
        null,
        1,
        2,
        null,
        null,
        null,
        null,
        1,
        1,
        null
      ],
      "/home/zoid/projects/dagraph/spec/acts_as_dagraph_spec.rb": [
        null,
        1,
        null,
        18,
        11,
        2,
        null,
        1,
        1,
        null,
        null,
        1,
        1,
        null,
        null,
        1,
        1,
        null,
        null,
        1,
        1,
        null,
        null,
        1,
        1,
        null,
        null,
        1,
        2,
        2,
        8,
        null,
        null,
        2,
        8,
        null,
        null,
        2,
        8,
        null,
        null,
        null,
        null,
        1,
        4,
        1,
        null,
        1,
        2,
        null,
        null,
        1,
        1,
        2,
        null,
        null,
        1,
        null,
        null,
        null,
        null,
        null,
        null,
        1,
        5,
        32,
        null,
        null,
        null,
        null,
        1,
        1,
        1,
        null,
        null,
        1,
        null,
        null,
        null,
        null,
        null,
        null,
        1,
        5,
        5,
        10,
        null,
        null,
        null,
        1,
        1,
        5,
        5,
        5,
        5,
        10,
        null,
        null,
        null,
        1,
        1,
        3,
        3,
        6,
        null,
        null,
        null,
        null,
        1,
        1,
        1,
        1,
        1,
        null,
        null,
        null,
        null,
        1,
        4,
        1,
        null,
        1,
        2,
        null,
        null,
        1,
        1,
        2,
        null,
        null,
        1,
        null,
        null,
        null,
        null,
        null,
        1,
        4,
        26,
        null,
        null,
        null,
        null,
        1,
        1,
        1,
        null,
        null,
        1,
        null,
        null,
        null,
        null,
        null,
        null,
        1,
        5,
        5,
        10,
        null,
        null,
        null,
        1,
        1,
        5,
        5,
        5,
        5,
        10,
        null,
        null,
        null,
        1,
        1,
        3,
        3,
        6,
        null,
        null,
        null,
        null,
        1,
        1,
        1,
        1,
        1,
        null,
        null,
        null,
        null,
        1,
        1,
        2,
        2,
        null,
        null,
        null,
        null,
        null,
        1,
        1,
        9,
        9,
        18,
        null,
        null,
        null,
        1,
        1,
        9,
        9,
        27,
        null,
        null,
        null,
        null,
        1,
        1,
        2,
        null,
        null,
        1,
        1,
        8,
        8,
        24,
        null,
        null,
        null,
        1,
        1,
        8,
        8,
        24,
        null,
        null,
        null,
        null,
        1,
        1,
        2,
        2,
        null,
        null,
        null,
        null,
        null,
        1,
        1,
        9,
        9,
        18,
        null,
        null,
        null,
        1,
        1,
        9,
        9,
        27,
        null,
        null,
        null,
        null,
        1,
        1,
        2,
        null,
        null,
        1,
        1,
        8,
        8,
        24,
        null,
        null,
        null,
        1,
        1,
        4,
        4,
        12,
        null,
        null,
        null,
        null,
        1,
        1,
        1,
        null,
        null,
        1,
        1,
        16,
        null,
        null,
        null,
        null,
        1,
        1,
        1,
        8,
        null,
        null,
        null,
        1,
        null,
        null,
        null,
        null,
        null,
        null,
        1,
        14,
        5,
        null,
        null,
        null,
        null,
        1,
        1,
        1,
        8,
        null,
        null,
        null,
        1,
        null,
        null,
        null,
        null,
        null,
        null,
        1,
        14,
        5,
        null,
        null,
        null,
        null,
        1,
        1,
        1,
        3,
        null,
        null,
        null,
        1,
        1,
        5,
        null,
        null,
        null,
        null,
        1,
        1,
        1,
        3,
        null,
        null,
        null,
        1,
        1,
        5,
        null,
        null,
        null,
        null,
        1,
        1,
        1,
        8,
        null,
        null,
        null,
        null,
        1,
        1,
        1,
        null,
        null,
        1,
        1,
        8,
        null,
        null,
        null,
        1,
        null,
        null,
        null,
        null,
        null,
        null,
        null,
        null,
        null,
        1,
        34,
        null,
        null,
        null,
        1,
        1,
        8,
        26,
        null,
        null,
        null,
        null,
        null,
        1,
        1,
        1,
        null,
        null,
        1,
        1,
        8,
        null,
        null,
        null,
        1,
        null,
        null,
        null,
        null,
        null,
        null,
        1,
        18,
        null,
        null,
        null,
        null,
        1,
        1,
        1,
        5,
        13,
        null,
        null,
        null,
        null,
        null,
        1,
        1,
        1,
        null,
        null,
        1,
        1,
        8,
        null,
        null,
        null,
        1,
        null,
        null,
        null,
        null,
        null,
        null,
        1,
        18,
        null,
        null,
        null,
        null,
        1,
        1,
        1,
        5,
        13,
        null,
        null,
        null,
        null,
        null,
        1,
        1,
        null,
        null,
        null,
        null,
        null,
        null,
        null,
        null,
        null,
        1,
        8,
        null,
        null,
        null,
        null,
        1,
        1,
        null,
        null,
        null,
        null,
        null,
        null,
        null,
        null,
        null,
        1,
        8,
        null,
        null,
        null,
        null,
        1,
        1,
        1,
        null,
        null,
        1,
        1,
        5,
        null,
        null,
        null,
        null,
        1,
        1,
        1,
        null,
        null,
        1,
        1,
        5,
        null,
        null,
        null,
        null,
        1,
        1,
        null,
        null,
        null,
        null,
        null,
        null,
        null,
        null,
        null,
        1,
        null,
        48,
        8,
        8,
        null,
        null,
        null,
        null,
        1,
        1,
        null,
        null,
        null,
        null,
        null,
        null,
        null,
        null,
        1,
        22,
        7,
        null,
        null,
        null,
        null,
        1,
        1,
        null,
        null,
        null,
        null,
        null,
        1,
        34,
        4,
        null,
        null,
        null,
        null
      ],
      "/home/zoid/projects/dagraph/spec/test_app/app/models/unit.rb": [
        1,
        1,
        null,
        4570,
        null,
        null
      ]
    },
    "timestamp": 1499782300
  }
}
